[LOG] System::create                           : Header version = 1.10.10. Current version = 1.10.10.
[LOG] Manager::init                            : maxchannels = 256 studioflags = 00000006 flags 00000000 extradriverdata 0000000000000000.
[LOG] SystemI::init                            : Initialize version=11010 (98815), maxchannels=256, flags=0x00020000
[LOG] SystemI::setOutputInternal               : Setting output to 'FMOD WASAPI Output'
[LOG] OutputWASAPI::init                       : Mix Format (WAVEFORMATEX): wFormatTag=0xFFFE, nChannels=2, nSamplesPerSec=44100, nAvgBytesPerSec=352800, nBlockAlign=8, wBitsPerSample=32, cbSize=22.
[LOG] OutputWASAPI::init                       : Mix Format (WAVEFORMATEXTENSIBLE): wValidBitsPerSample=32, dwChannelMask=0x00000003, SubFormat=00000003-0000-0010-8000-00AA00389B71.
[LOG] OutputWASAPI::init                       : Output buffer size: 3760 samples, latency: 0.00ms, period: 10.00ms, DSP buffer: 1024 * 4
[WRN] SystemI::init                            : Output requires a sample rate of 44100Hz, resampling will occur.
[LOG] Thread::initThread                       : Init FMOD stream thread. Priority: 2, Stack Size: 65536, Semaphore: No, Sleep Time: 10, Looping: Yes.
[LOG] Thread::initThread                       : Init FMOD mixer thread. Priority: 3, Stack Size: 49152, Semaphore: No, Sleep Time: 0, Looping: Yes.
[LOG] AsyncManager::init                       : manager 000000004A0D6A18 isAsync 0 updatePeriod 0.02
[LOG] AsyncManager::init                       : done
[LOG] PlaybackSystem::init                     : 
[LOG] Thread::initThread                       : Init FMOD Studio sample load thread. Priority: 0, Stack Size: 65536, Semaphore: No, Sleep Time: 1, Looping: No.
[LOG] PlaybackSystem::init                     : done
[LOG] Thread::initThread                       : Init FMOD Studio bank load thread. Priority: 0, Stack Size: 65536, Semaphore: No, Sleep Time: 1, Looping: No.
[LOG] Manager::init                            : done.
[LOG] Manager::readBank                        : fileversion = 101, compatVersion = 99 (oldest = 44, newest = 103)
[LOG] SystemI::createSound                     : filename = Assets\Sound\FMODProject\SoundsEvents\Build\Desktop/Master Bank.bank : mode 02010082
[LOG] SystemI::createSound                     : FMOD_NONBLOCKING specified.  Putting into queue to be opened asynchronously!
[LOG] SystemI::createSound                     : setdata soundi = 0000000049C13AD8 : node = 000000001B6CAF30
[LOG] SystemI::createSound                     : add node to async list : head = 0000000045C14548.  list count = 0
[LOG] AsyncThread::threadFunc                  : Starting Asynchronous operation on sound 0000000049C13AD8
[LOG] SystemI::createSoundInternal             :     Create name='Assets\Sound\FMODProject\SoundsEvents\Build\Desktop/Master Bank.bank', mode=0x02010082
[LOG] SystemI::createSoundInternal             :     exinfo->cbsize             = 232
[LOG] SystemI::createSoundInternal             :     exinfo->length             = 447168
[LOG] SystemI::createSoundInternal             :     exinfo->fileoffset         = 19296
[LOG] SystemI::createSoundInternal             :     exinfo->numsubsounds       = 1
[LOG] SystemI::createSoundInternal             :     exinfo->inclusionlist      = 000000001B6CB048
[LOG] SystemI::createSoundInternal             :     exinfo->inclusionlistnum   = 1
[LOG] SystemI::createSoundInternal             :     exinfo->suggestedsoundtype = 5
[LOG] SystemI::createSoundInternal             :     exinfo->initialseekpostype = 1
[LOG] SystemI::createSoundInternal             :     Stream 0/1: name='MetalImpact2', format=2, channels=2, frequency=48000, lengthbytes=89536, lengthpcm=536659, pcmblocksize=0, loopstart=0, loopend=0, mode=0x00000000, channelmask=0x00000000, channelorder=0, peakvolume=0.357483.
[LOG] AsyncThread::threadFunc                  : Finished Asynchronous operation on sound 0000000049C13AD8
[LOG] SoundI::getSubSound                      : sound 0000000049C13AD8.  Subsound index 0 / 1
[LOG] SystemI::createSound                     : filename = Assets\Sound\FMODProject\SoundsEvents\Build\Desktop/Master Bank.bank : mode 02010082
[LOG] SystemI::createSound                     : FMOD_NONBLOCKING specified.  Putting into queue to be opened asynchronously!
[LOG] SystemI::createSound                     : setdata soundi = 0000000049C14198 : node = 000000001B6CB1D0
[LOG] SystemI::createSound                     : add node to async list : head = 0000000045C14548.  list count = 0
[LOG] AsyncThread::threadFunc                  : Starting Asynchronous operation on sound 0000000049C14198
[LOG] SystemI::createSoundInternal             :     Create name='Assets\Sound\FMODProject\SoundsEvents\Build\Desktop/Master Bank.bank', mode=0x02010082
[LOG] SystemI::createSoundInternal             :     exinfo->cbsize             = 232
[LOG] SystemI::createSoundInternal             :     exinfo->length             = 447168
[LOG] SystemI::createSoundInternal             :     exinfo->fileoffset         = 19296
[LOG] SystemI::createSoundInternal             :     exinfo->numsubsounds       = 1
[LOG] SystemI::createSoundInternal             :     exinfo->inclusionlist      = 000000001B6CB2E8
[LOG] SystemI::createSoundInternal             :     exinfo->inclusionlistnum   = 1
[LOG] SystemI::createSoundInternal             :     exinfo->suggestedsoundtype = 5
[LOG] SystemI::createSoundInternal             :     exinfo->initialseekpostype = 1
[LOG] SystemI::createSoundInternal             :     Stream 0/1: name='MetalImpact2', format=2, channels=2, frequency=48000, lengthbytes=89536, lengthpcm=536659, pcmblocksize=0, loopstart=0, loopend=0, mode=0x00000000, channelmask=0x00000000, channelorder=0, peakvolume=0.357483.
[LOG] AsyncThread::threadFunc                  : Finished Asynchronous operation on sound 0000000049C14198
[LOG] SoundI::getSubSound                      : sound 0000000049C14198.  Subsound index 0 / 1
[LOG] Manager::readBank                        : fileversion = 101, compatVersion = 99 (oldest = 44, newest = 103)
[LOG] SystemI::createSound                     : filename = Assets\Sound\FMODProject\SoundsEvents\Build\Desktop/Master Bank.bank : mode 02010082
[LOG] SystemI::createSound                     : FMOD_NONBLOCKING specified.  Putting into queue to be opened asynchronously!
[LOG] SystemI::createSound                     : setdata soundi = 0000000049C144F8 : node = 000000001B6CB5C0
[LOG] SystemI::createSound                     : add node to async list : head = 0000000045C14548.  list count = 0
[LOG] AsyncThread::threadFunc                  : Starting Asynchronous operation on sound 0000000049C144F8
[LOG] SystemI::createSoundInternal             :     Create name='Assets\Sound\FMODProject\SoundsEvents\Build\Desktop/Master Bank.bank', mode=0x02010082
[LOG] SystemI::createSoundInternal             :     exinfo->cbsize             = 232
[LOG] SystemI::createSoundInternal             :     exinfo->length             = 447168
[LOG] SystemI::createSoundInternal             :     exinfo->fileoffset         = 19296
[LOG] SystemI::createSoundInternal             :     exinfo->numsubsounds       = 1
[LOG] SystemI::createSoundInternal             :     exinfo->inclusionlist      = 000000001B6CB6D8
[LOG] SystemI::createSoundInternal             :     exinfo->inclusionlistnum   = 1
[LOG] SystemI::createSoundInternal             :     exinfo->suggestedsoundtype = 5
[LOG] SystemI::createSoundInternal             :     exinfo->initialseekpostype = 1
[LOG] SystemI::createSoundInternal             :     Stream 0/1: name='MetalImpact2', format=2, channels=2, frequency=48000, lengthbytes=89536, lengthpcm=536659, pcmblocksize=0, loopstart=0, loopend=0, mode=0x00000000, channelmask=0x00000000, channelorder=0, peakvolume=0.357483.
[LOG] AsyncThread::threadFunc                  : Finished Asynchronous operation on sound 0000000049C144F8
[LOG] SoundI::getSubSound                      : sound 0000000049C144F8.  Subsound index 0 / 1
[LOG] SystemI::createSound                     : filename = Assets\Sound\FMODProject\SoundsEvents\Build\Desktop/Master Bank.bank : mode 02010082
[LOG] SystemI::createSound                     : FMOD_NONBLOCKING specified.  Putting into queue to be opened asynchronously!
[LOG] SystemI::createSound                     : setdata soundi = 0000000049C14A08 : node = 000000004A2BAFD0
[LOG] SystemI::createSound                     : add node to async list : head = 0000000045C14548.  list count = 0
[LOG] AsyncThread::threadFunc                  : Starting Asynchronous operation on sound 0000000049C14A08
[LOG] SystemI::createSoundInternal             :     Create name='Assets\Sound\FMODProject\SoundsEvents\Build\Desktop/Master Bank.bank', mode=0x02010082
[LOG] SystemI::createSoundInternal             :     exinfo->cbsize             = 232
[LOG] SystemI::createSoundInternal             :     exinfo->length             = 447168
[LOG] SystemI::createSoundInternal             :     exinfo->fileoffset         = 19296
[LOG] SystemI::createSoundInternal             :     exinfo->numsubsounds       = 1
[LOG] SystemI::createSoundInternal             :     exinfo->inclusionlist      = 000000004A2BB0E8
[LOG] SystemI::createSoundInternal             :     exinfo->inclusionlistnum   = 1
[LOG] SystemI::createSoundInternal             :     exinfo->suggestedsoundtype = 5
[LOG] SystemI::createSoundInternal             :     exinfo->initialseekpostype = 1
[LOG] SystemI::createSoundInternal             :     Stream 0/1: name='MetalImpact2', format=2, channels=2, frequency=48000, lengthbytes=89536, lengthpcm=536659, pcmblocksize=0, loopstart=0, loopend=0, mode=0x00000000, channelmask=0x00000000, channelorder=0, peakvolume=0.357483.
[LOG] AsyncThread::threadFunc                  : Finished Asynchronous operation on sound 0000000049C14A08
[LOG] SoundI::getSubSound                      : sound 0000000049C14A08.  Subsound index 0 / 1
[LOG] SoundI::release                          : MetalImpact2 (0000000049C13AD8)
[LOG] SoundI::release                          :     MetalImpact2 (0000000049C8D418)
[LOG] SoundI::release                          :     MetalImpact2 (0000000049C13C88)
[LOG] SoundI::release                          : MetalImpact2 (0000000049C14198)
[LOG] SoundI::release                          :     MetalImpact2 (000000000F2D4D88)
[LOG] SoundI::release                          :     MetalImpact2 (0000000049C13E38)
[LOG] Manager::readBank                        : fileversion = 101, compatVersion = 99 (oldest = 44, newest = 103)
[LOG] SoundI::release                          : MetalImpact2 (0000000049C144F8)
[LOG] SoundI::release                          :     MetalImpact2 (0000000045D8A6A8)
[LOG] SoundI::release                          :     MetalImpact2 (0000000049C14858)
[LOG] SystemI::createSound                     : filename = Assets\Sound\FMODProject\SoundsEvents\Build\Desktop/Master Bank.bank : mode 02010082
[LOG] SystemI::createSound                     : FMOD_NONBLOCKING specified.  Putting into queue to be opened asynchronously!
[LOG] SystemI::createSound                     : setdata soundi = 0000000049C13AD8 : node = 000000004A2BBBA0
[LOG] SystemI::createSound                     : add node to async list : head = 0000000045C14548.  list count = 0
[LOG] AsyncThread::threadFunc                  : Starting Asynchronous operation on sound 0000000049C13AD8
[LOG] SystemI::createSoundInternal             :     Create name='Assets\Sound\FMODProject\SoundsEvents\Build\Desktop/Master Bank.bank', mode=0x02010082
[LOG] SystemI::createSoundInternal             :     exinfo->cbsize             = 232
[LOG] SystemI::createSoundInternal             :     exinfo->length             = 447168
[LOG] SystemI::createSoundInternal             :     exinfo->fileoffset         = 19296
[LOG] SystemI::createSoundInternal             :     exinfo->numsubsounds       = 1
[LOG] SystemI::createSoundInternal             :     exinfo->inclusionlist      = 000000004A2BBCB8
[LOG] SystemI::createSoundInternal             :     exinfo->inclusionlistnum   = 1
[LOG] SystemI::createSoundInternal             :     exinfo->suggestedsoundtype = 5
[LOG] SystemI::createSoundInternal             :     exinfo->initialseekpostype = 1
[LOG] SystemI::createSoundInternal             :     Stream 0/1: name='MetalImpact2', format=2, channels=2, frequency=48000, lengthbytes=89536, lengthpcm=536659, pcmblocksize=0, loopstart=0, loopend=0, mode=0x00000000, channelmask=0x00000000, channelorder=0, peakvolume=0.357483.
[LOG] AsyncThread::threadFunc                  : Finished Asynchronous operation on sound 0000000049C13AD8
[LOG] SoundI::getSubSound                      : sound 0000000049C13AD8.  Subsound index 0 / 1
[LOG] Manager::readBank                        : fileversion = 101, compatVersion = 99 (oldest = 44, newest = 103)
[LOG] SystemI::createSound                     : filename = Assets\Sound\FMODProject\SoundsEvents\Build\Desktop/Master Bank.bank : mode 02010082
[LOG] SystemI::createSound                     : FMOD_NONBLOCKING specified.  Putting into queue to be opened asynchronously!
[LOG] SystemI::createSound                     : setdata soundi = 0000000049C13E38 : node = 000000004A2BA160
[LOG] SystemI::createSound                     : add node to async list : head = 0000000045C14548.  list count = 0
[LOG] AsyncThread::threadFunc                  : Starting Asynchronous operation on sound 0000000049C13E38
[LOG] SystemI::createSoundInternal             :     Create name='Assets\Sound\FMODProject\SoundsEvents\Build\Desktop/Master Bank.bank', mode=0x02010082
[LOG] SystemI::createSoundInternal             :     exinfo->cbsize             = 232
[LOG] SystemI::createSoundInternal             :     exinfo->length             = 447168
[LOG] SystemI::createSoundInternal             :     exinfo->fileoffset         = 19296
[LOG] SystemI::createSoundInternal             :     exinfo->numsubsounds       = 1
[LOG] SystemI::createSoundInternal             :     exinfo->inclusionlist      = 000000004A2BA278
[LOG] SystemI::createSoundInternal             :     exinfo->inclusionlistnum   = 1
[LOG] SystemI::createSoundInternal             :     exinfo->suggestedsoundtype = 5
[LOG] SystemI::createSoundInternal             :     exinfo->initialseekpostype = 1
[LOG] SystemI::createSoundInternal             :     Stream 0/1: name='MetalImpact2', format=2, channels=2, frequency=48000, lengthbytes=89536, lengthpcm=536659, pcmblocksize=0, loopstart=0, loopend=0, mode=0x00000000, channelmask=0x00000000, channelorder=0, peakvolume=0.357483.
[LOG] AsyncThread::threadFunc                  : Finished Asynchronous operation on sound 0000000049C13E38
[LOG] SoundI::release                          : MetalImpact2 (0000000049C13E38)
[LOG] SoundI::release                          :     MetalImpact2 (000000000F2D4D88)
[LOG] SoundI::release                          :     MetalImpact2 (0000000049C144F8)
[LOG] SoundI::release                          : MetalImpact2 (0000000049C14A08)
[LOG] SoundI::release                          :     MetalImpact2 (0000000049C8D0D8)
[LOG] SoundI::release                          :     MetalImpact2 (0000000049C14BB8)
[LOG] SystemI::createSound                     : filename = Assets\Sound\FMODProject\SoundsEvents\Build\Desktop/Master Bank.bank : mode 02010082
[LOG] SystemI::createSound                     : FMOD_NONBLOCKING specified.  Putting into queue to be opened asynchronously!
[LOG] SystemI::createSound                     : setdata soundi = 0000000049C13E38 : node = 000000004A2BA160
[LOG] SystemI::createSound                     : add node to async list : head = 0000000045C14548.  list count = 0
[LOG] AsyncThread::threadFunc                  : Starting Asynchronous operation on sound 0000000049C13E38
[LOG] SystemI::createSoundInternal             :     Create name='Assets\Sound\FMODProject\SoundsEvents\Build\Desktop/Master Bank.bank', mode=0x02010082
[LOG] SystemI::createSoundInternal             :     exinfo->cbsize             = 232
[LOG] SystemI::createSoundInternal             :     exinfo->length             = 447168
[LOG] SystemI::createSoundInternal             :     exinfo->fileoffset         = 19296
[LOG] SystemI::createSound                     :     filename = Assets\Sound\FMODProject\SoundsEvents\Build\Desktop/Master Bank.bank : mode 02010082
[LOG] SystemI::createSoundInternal             :     exinfo->numsubsounds       = 1
[LOG] SystemI::createSound                     :     FMOD_NONBLOCKING specified.  Putting into queue to be opened asynchronously!
[LOG] SystemI::createSoundInternal             :     exinfo->inclusionlist      = 000000004A2BA278
[LOG] SystemI::createSound                     :     setdata soundi = 0000000049C14858 : node = 000000004A2BB660
[LOG] SystemI::createSoundInternal             :     exinfo->inclusionlistnum   = 1
[LOG] SystemI::createSound                     :     add node to async list : head = 0000000045C14548.  list count = 0
[LOG] SystemI::createSoundInternal             :     exinfo->suggestedsoundtype = 5
[LOG] SystemI::createSoundInternal             :     exinfo->initialseekpostype = 1
[LOG] SystemI::createSoundInternal             :     Stream 0/1: name='MetalImpact2', format=2, channels=2, frequency=48000, lengthbytes=89536, lengthpcm=536659, pcmblocksize=0, loopstart=0, loopend=0, mode=0x00000000, channelmask=0x00000000, channelorder=0, peakvolume=0.357483.
[LOG] AsyncThread::threadFunc                  : Finished Asynchronous operation on sound 0000000049C13E38
[LOG] AsyncThread::threadFunc                  : Starting Asynchronous operation on sound 0000000049C14858
[LOG] SystemI::createSoundInternal             :     Create name='Assets\Sound\FMODProject\SoundsEvents\Build\Desktop/Master Bank.bank', mode=0x02010082
[LOG] SystemI::createSoundInternal             :     exinfo->cbsize             = 232
[LOG] SystemI::createSoundInternal             :     exinfo->length             = 447168
[LOG] SystemI::createSoundInternal             :     exinfo->fileoffset         = 19296
[LOG] SystemI::createSoundInternal             :     exinfo->numsubsounds       = 1
[LOG] SystemI::createSoundInternal             :     exinfo->inclusionlist      = 000000004A2BB778
[LOG] SystemI::createSoundInternal             :     exinfo->inclusionlistnum   = 1
[LOG] SystemI::createSoundInternal             :     exinfo->suggestedsoundtype = 5
[LOG] SystemI::createSoundInternal             :     exinfo->initialseekpostype = 1
[LOG] SystemI::createSoundInternal             :     Stream 0/1: name='MetalImpact2', format=2, channels=2, frequency=48000, lengthbytes=89536, lengthpcm=536659, pcmblocksize=0, loopstart=0, loopend=0, mode=0x00000000, channelmask=0x00000000, channelorder=0, peakvolume=0.357483.
[LOG] AsyncThread::threadFunc                  : Finished Asynchronous operation on sound 0000000049C14858
[LOG] SoundI::release                          : MetalImpact2 (0000000049C14858)
[LOG] SoundI::release                          :     MetalImpact2 (0000000049C8D0D8)
[LOG] SoundI::release                          :     MetalImpact2 (0000000049C144F8)
[LOG] SoundI::getSubSound                      : sound 0000000049C13E38.  Subsound index 0 / 1
[LOG] SoundI::release                          : MetalImpact2 (0000000049C13E38)
[LOG] SoundI::release                          :     MetalImpact2 (000000000F2D4228)
[LOG] SoundI::release                          :     MetalImpact2 (0000000049C14198)
[LOG] SoundI::release                          : MetalImpact2 (0000000049C13AD8)
[LOG] SoundI::release                          :     MetalImpact2 (0000000045D8A028)
[LOG] SoundI::release                          :     MetalImpact2 (0000000049C13C88)
[LOG] SoundI::release                          :  (0000000045D863A8)
[LOG] SoundI::release                          :     HammerInNails (000000000F2D43C8)
[LOG] SoundI::release                          :  (0000000045D88EC8)
[LOG] SoundI::release                          :     WalkOnLeaves (0000000045C36D58)
[LOG] SoundI::release                          :  (0000000045D87208)
[LOG] SoundI::release                          :     woodCutter (000000000F2D4A48)
[LOG] SoundI::release                          :  (0000000045D860C8)
[LOG] SoundI::release                          :     fallingTrees (0000000045C37098)
[LOG] Thread::callback                         : FMOD Studio update thread finished.
[LOG] Thread::callback                         : FMOD Studio bank load thread finished.
[LOG] Profile::disconnectAll                   : Profiler disconnecting all clients
[LOG] Thread::callback                         : FMOD Studio sample load thread finished.
[LOG] LiveUpdate::release                      : 
[LOG] LiveUpdate::reset                        : Reset connection (reason Disconnected)
[LOG] Thread::callback                         : FMOD stream thread finished.
[LOG] Thread::callback                         : FMOD mixer thread finished.
[LOG] Profile::disconnectAll                   : Profiler disconnecting all clients
[LOG] SystemI::close                           : Closed.
[LOG] Manager::readBank                        : fileversion = 101, compatVersion = 99 (oldest = 44, newest = 103)
[LOG] Manager::readBank                        : fileversion = 101, compatVersion = 99 (oldest = 44, newest = 103)
[LOG] Manager::readBank                        : fileversion = 101, compatVersion = 99 (oldest = 44, newest = 103)
[LOG] Manager::readBank                        : fileversion = 101, compatVersion = 99 (oldest = 44, newest = 103)
[LOG] Manager::readBank                        : fileversion = 101, compatVersion = 99 (oldest = 44, newest = 103)
[LOG] Manager::readBank                        : fileversion = 101, compatVersion = 99 (oldest = 44, newest = 103)
[LOG] PlaybackSystem::acquireMasterBus         : Setting master channel group format to 6
